Traceback (most recent call last):
  File "C:\Users\USER\Desktop\박정훈\auto_flow\af_internal_tools\wrappers\Huvitz\Huvitz mail 열기.py", line 138, in <module>
    mail_button = WebDriverWait(driver, 20).until(
        EC.element_to_be_clickable((By.XPATH, "//a[contains(@onclick, 'go_email()') and .//img[contains(@src, '/Images/common/icon_mail.png')]]"))
    )
  File "C:\Users\USER\Desktop\박정훈\auto_flow\.venv\Lib\site-packages\selenium\webdriver\support\wait.py", line 122, in until
    raise TimeoutException(message, screen, stacktrace)
selenium.common.exceptions.TimeoutException: Message: 
Stacktrace:
Symbols not available. Dumping unresolved backtrace:
	0x9f4103
	0x9f4144
	0x7fe71d
	0x84a03d
	0x84a41b
	0x8917f2
	0x86c954
	0x88ee17
	0x86c706
	0x83da30
	0x83ed54
	0xc657b4
	0xc6098a
	0xa1c392
	0xa0c4c8
	0xa1324d
	0x9fc478
	0x9fc63c
	0x9e67ca
	0x76145d49
	0x7757d6db
	0x7757d661

